<?xml version="1.0" encoding="UTF-8"?>
<testsuite xmlns:xsi="http://www.w3.org/2001/XMLSchema-instance" xsi:noNamespaceSchemaLocation="https://maven.apache.org/surefire/maven-surefire-plugin/xsd/surefire-test-report.xsd" name="BonusServiceTest" time="0.018" tests="4" errors="0" skipped="0" failures="1">
  <properties>
[...]
</properties>
  <testcase name="shouldCalculateForNoRegisteredAndUnderLimit" classname="BonusServiceTest" time="0.015">
    <failure message="expected: &lt;30&gt; but was: &lt;10&gt;" type="org.opentest4j.AssertionFailedError"><![CDATA[org.opentest4j.AssertionFailedError: expected: <30> but was: <10>
	at BonusServiceTest.shouldCalculateForNoRegisteredAndUnderLimit(BonusServiceTest.java:64)
]]></failure>
  </testcase>
  <testcase name="shouldCalculateForRegisteredAndOverLimit" classname="BonusServiceTest" time="0"/>
  <testcase name="shouldCalculateForRegisteredAndUnderLimit" classname="BonusServiceTest" time="0"/>
  <testcase name="shouldCalculateForNoRegisteredAndOverLimit" classname="BonusServiceTest" time="0.001"/>
</testsuite>